2020-05-14 12:08 | INFO     | 0049 | Start
2020-05-14 12:08 | INFO     | 0030 | ('========= 產生url座標:', '@25,121.46,15z', '===========')
2020-05-14 12:08 | INFO     | 0010 | 開始 find_tags:tactile-searchbox-input
2020-05-14 12:08 | INFO     | 0134 | 輸入搜尋關鍵字:熱炒，點擊搜尋
2020-05-14 12:08 | INFO     | 0010 | 開始 find_tags:section-result
2020-05-14 12:09 | INFO     | 0163 | 進入第1頁, 店家數:20
2020-05-14 12:09 | INFO     | 0010 | 開始 find_tags:section-result
2020-05-14 12:09 | INFO     | 0197 | === 點擊第1個店家: 國泰熱炒 ===
2020-05-14 12:09 | INFO     | 0010 | 開始 find_tags:section-info-action-button
2020-05-14 12:09 | INFO     | 0033 | 第1次重新抓tag:section-info-action-button
2020-05-14 12:09 | INFO     | 0033 | 第2次重新抓tag:section-info-action-button
2020-05-14 12:09 | INFO     | 0033 | 第3次重新抓tag:section-info-action-button
2020-05-14 12:09 | INFO     | 0033 | 第4次重新抓tag:section-info-action-button
2020-05-14 12:09 | INFO     | 0033 | 第5次重新抓tag:section-info-action-button
2020-05-14 12:09 | INFO     | 0033 | 第6次重新抓tag:section-info-action-button
2020-05-14 12:09 | INFO     | 0033 | 第7次重新抓tag:section-info-action-button
2020-05-14 12:09 | INFO     | 0033 | 第8次重新抓tag:section-info-action-button
2020-05-14 12:09 | INFO     | 0033 | 第9次重新抓tag:section-info-action-button
2020-05-14 12:09 | INFO     | 0033 | 第10次重新抓tag:section-info-action-button
2020-05-14 12:09 | INFO     | 0033 | 第11次重新抓tag:section-info-action-button
2020-05-14 12:09 | INFO     | 0033 | 第12次重新抓tag:section-info-action-button
2020-05-14 12:09 | INFO     | 0033 | 第13次重新抓tag:section-info-action-button
2020-05-14 12:09 | INFO     | 0033 | 第14次重新抓tag:section-info-action-button
2020-05-14 12:09 | INFO     | 0033 | 第15次重新抓tag:section-info-action-button
2020-05-14 12:09 | INFO     | 0033 | 第16次重新抓tag:section-info-action-button
2020-05-14 12:09 | INFO     | 0033 | 第17次重新抓tag:section-info-action-button
2020-05-14 12:09 | INFO     | 0033 | 第18次重新抓tag:section-info-action-button
2020-05-14 12:09 | INFO     | 0033 | 第19次重新抓tag:section-info-action-button
2020-05-14 12:09 | INFO     | 0033 | 第20次重新抓tag:section-info-action-button
2020-05-14 12:09 | INFO     | 0033 | 第21次重新抓tag:section-info-action-button
2020-05-14 12:09 | INFO     | 0033 | 第22次重新抓tag:section-info-action-button
2020-05-14 12:09 | INFO     | 0033 | 第23次重新抓tag:section-info-action-button
2020-05-14 12:09 | INFO     | 0033 | 第24次重新抓tag:section-info-action-button
2020-05-14 12:09 | INFO     | 0033 | 第25次重新抓tag:section-info-action-button
2020-05-14 12:09 | INFO     | 0033 | 第26次重新抓tag:section-info-action-button
2020-05-14 12:09 | INFO     | 0033 | 第27次重新抓tag:section-info-action-button
2020-05-14 12:09 | INFO     | 0033 | 第28次重新抓tag:section-info-action-button
2020-05-14 12:09 | INFO     | 0033 | 第29次重新抓tag:section-info-action-button
2020-05-14 12:09 | INFO     | 0033 | 第30次重新抓tag:section-info-action-button
2020-05-14 12:09 | INFO     | 0033 | 第31次重新抓tag:section-info-action-button
2020-05-14 12:09 | INFO     | 0033 | 第32次重新抓tag:section-info-action-button
2020-05-14 12:09 | INFO     | 0033 | 第33次重新抓tag:section-info-action-button
2020-05-14 12:09 | INFO     | 0033 | 第34次重新抓tag:section-info-action-button
2020-05-14 12:09 | INFO     | 0033 | 第35次重新抓tag:section-info-action-button
2020-05-14 12:09 | INFO     | 0033 | 第36次重新抓tag:section-info-action-button
2020-05-14 12:09 | INFO     | 0033 | 第37次重新抓tag:section-info-action-button
2020-05-14 12:09 | INFO     | 0033 | 第38次重新抓tag:section-info-action-button
2020-05-14 12:09 | INFO     | 0033 | 第39次重新抓tag:section-info-action-button
2020-05-14 12:09 | INFO     | 0033 | 第40次重新抓tag:section-info-action-button
2020-05-14 12:09 | INFO     | 0033 | 第41次重新抓tag:section-info-action-button
2020-05-14 12:09 | INFO     | 0033 | 第42次重新抓tag:section-info-action-button
2020-05-14 12:09 | INFO     | 0033 | 第43次重新抓tag:section-info-action-button
2020-05-14 12:09 | INFO     | 0033 | 第44次重新抓tag:section-info-action-button
2020-05-14 12:10 | INFO     | 0033 | 第45次重新抓tag:section-info-action-button
2020-05-14 12:10 | INFO     | 0033 | 第46次重新抓tag:section-info-action-button
2020-05-14 12:10 | INFO     | 0033 | 第47次重新抓tag:section-info-action-button
2020-05-14 12:10 | INFO     | 0033 | 第48次重新抓tag:section-info-action-button
2020-05-14 12:10 | INFO     | 0033 | 第49次重新抓tag:section-info-action-button
2020-05-14 12:10 | INFO     | 0033 | 第50次重新抓tag:section-info-action-button
2020-05-14 12:10 | INFO     | 0033 | 第51次重新抓tag:section-info-action-button
2020-05-14 12:10 | INFO     | 0033 | 第52次重新抓tag:section-info-action-button
2020-05-14 12:10 | INFO     | 0033 | 第53次重新抓tag:section-info-action-button
2020-05-14 12:10 | INFO     | 0033 | 第54次重新抓tag:section-info-action-button
2020-05-14 12:10 | INFO     | 0033 | 第55次重新抓tag:section-info-action-button
2020-05-14 12:10 | INFO     | 0033 | 第56次重新抓tag:section-info-action-button
2020-05-14 12:10 | INFO     | 0033 | 第57次重新抓tag:section-info-action-button
2020-05-14 12:10 | INFO     | 0033 | 第58次重新抓tag:section-info-action-button
2020-05-14 12:10 | INFO     | 0033 | 第59次重新抓tag:section-info-action-button
2020-05-14 12:10 | INFO     | 0033 | 第60次重新抓tag:section-info-action-button
2020-05-14 12:10 | INFO     | 0033 | 第61次重新抓tag:section-info-action-button
2020-05-14 12:10 | INFO     | 0033 | 第62次重新抓tag:section-info-action-button
2020-05-14 12:10 | INFO     | 0033 | 第63次重新抓tag:section-info-action-button
2020-05-14 12:10 | INFO     | 0033 | 第64次重新抓tag:section-info-action-button
2020-05-14 12:10 | INFO     | 0033 | 第65次重新抓tag:section-info-action-button
2020-05-14 12:10 | INFO     | 0033 | 第66次重新抓tag:section-info-action-button
2020-05-14 12:10 | INFO     | 0033 | 第67次重新抓tag:section-info-action-button
2020-05-14 12:10 | INFO     | 0033 | 第68次重新抓tag:section-info-action-button
2020-05-14 12:10 | INFO     | 0033 | 第69次重新抓tag:section-info-action-button
2020-05-14 12:10 | INFO     | 0033 | 第70次重新抓tag:section-info-action-button
2020-05-14 12:10 | INFO     | 0033 | 第71次重新抓tag:section-info-action-button
2020-05-14 12:10 | INFO     | 0033 | 第72次重新抓tag:section-info-action-button
2020-05-14 12:10 | INFO     | 0033 | 第73次重新抓tag:section-info-action-button
2020-05-14 12:10 | INFO     | 0033 | 第74次重新抓tag:section-info-action-button
2020-05-14 12:10 | INFO     | 0033 | 第75次重新抓tag:section-info-action-button
2020-05-14 12:10 | INFO     | 0033 | 第76次重新抓tag:section-info-action-button
2020-05-14 12:10 | INFO     | 0033 | 第77次重新抓tag:section-info-action-button
2020-05-14 12:10 | INFO     | 0033 | 第78次重新抓tag:section-info-action-button
2020-05-14 12:10 | INFO     | 0033 | 第79次重新抓tag:section-info-action-button
2020-05-14 12:10 | INFO     | 0033 | 第80次重新抓tag:section-info-action-button
2020-05-14 12:10 | INFO     | 0033 | 第81次重新抓tag:section-info-action-button
2020-05-14 12:10 | INFO     | 0033 | 第82次重新抓tag:section-info-action-button
2020-05-14 12:10 | INFO     | 0033 | 第83次重新抓tag:section-info-action-button
2020-05-14 12:10 | INFO     | 0033 | 第84次重新抓tag:section-info-action-button
2020-05-14 12:10 | INFO     | 0033 | 第85次重新抓tag:section-info-action-button
2020-05-14 12:10 | INFO     | 0033 | 第86次重新抓tag:section-info-action-button
2020-05-14 12:10 | INFO     | 0033 | 第87次重新抓tag:section-info-action-button
2020-05-14 12:10 | INFO     | 0033 | 第88次重新抓tag:section-info-action-button
2020-05-14 12:10 | INFO     | 0033 | 第89次重新抓tag:section-info-action-button
2020-05-14 12:10 | INFO     | 0033 | 第90次重新抓tag:section-info-action-button
2020-05-14 12:10 | INFO     | 0033 | 第91次重新抓tag:section-info-action-button
2020-05-14 12:10 | INFO     | 0033 | 第92次重新抓tag:section-info-action-button
2020-05-14 12:10 | INFO     | 0033 | 第93次重新抓tag:section-info-action-button
2020-05-14 12:10 | INFO     | 0033 | 第94次重新抓tag:section-info-action-button
2020-05-14 12:10 | INFO     | 0033 | 第95次重新抓tag:section-info-action-button
2020-05-14 12:10 | INFO     | 0033 | 第96次重新抓tag:section-info-action-button
2020-05-14 12:10 | INFO     | 0033 | 第97次重新抓tag:section-info-action-button
2020-05-14 12:10 | INFO     | 0033 | 第98次重新抓tag:section-info-action-button
2020-05-14 12:10 | INFO     | 0033 | 第99次重新抓tag:section-info-action-button
2020-05-14 12:10 | INFO     | 0033 | 第100次重新抓tag:section-info-action-button
2020-05-14 12:10 | INFO     | 0022 | 已經重新找100次tag了，放棄
2020-05-14 12:10 | INFO     | 0010 | 開始 find_tags:section-back-to-list-button
2020-05-14 12:11 | INFO     | 0033 | 第1次重新抓tag:section-back-to-list-button
2020-05-14 12:11 | INFO     | 0033 | 第2次重新抓tag:section-back-to-list-button
2020-05-14 12:11 | INFO     | 0033 | 第3次重新抓tag:section-back-to-list-button
2020-05-14 12:11 | INFO     | 0033 | 第4次重新抓tag:section-back-to-list-button
2020-05-14 12:11 | INFO     | 0033 | 第5次重新抓tag:section-back-to-list-button
2020-05-14 12:11 | INFO     | 0033 | 第6次重新抓tag:section-back-to-list-button
2020-05-14 12:11 | INFO     | 0033 | 第7次重新抓tag:section-back-to-list-button
2020-05-14 12:11 | INFO     | 0033 | 第8次重新抓tag:section-back-to-list-button
2020-05-14 12:11 | INFO     | 0033 | 第9次重新抓tag:section-back-to-list-button
2020-05-14 12:11 | INFO     | 0033 | 第10次重新抓tag:section-back-to-list-button
2020-05-14 12:11 | INFO     | 0033 | 第11次重新抓tag:section-back-to-list-button
2020-05-14 12:11 | INFO     | 0033 | 第12次重新抓tag:section-back-to-list-button
2020-05-14 12:11 | INFO     | 0033 | 第13次重新抓tag:section-back-to-list-button
2020-05-14 12:11 | INFO     | 0033 | 第14次重新抓tag:section-back-to-list-button
2020-05-14 12:11 | INFO     | 0033 | 第15次重新抓tag:section-back-to-list-button
2020-05-14 12:11 | INFO     | 0033 | 第16次重新抓tag:section-back-to-list-button
2020-05-14 12:11 | INFO     | 0033 | 第17次重新抓tag:section-back-to-list-button
2020-05-14 12:11 | INFO     | 0033 | 第18次重新抓tag:section-back-to-list-button
2020-05-14 12:11 | INFO     | 0033 | 第19次重新抓tag:section-back-to-list-button
2020-05-14 12:11 | INFO     | 0033 | 第20次重新抓tag:section-back-to-list-button
2020-05-14 12:11 | INFO     | 0033 | 第21次重新抓tag:section-back-to-list-button
2020-05-14 12:11 | INFO     | 0033 | 第22次重新抓tag:section-back-to-list-button
2020-05-14 12:11 | INFO     | 0033 | 第23次重新抓tag:section-back-to-list-button
2020-05-14 12:11 | INFO     | 0033 | 第24次重新抓tag:section-back-to-list-button
2020-05-14 12:11 | INFO     | 0033 | 第25次重新抓tag:section-back-to-list-button
2020-05-14 12:11 | INFO     | 0033 | 第26次重新抓tag:section-back-to-list-button
2020-05-14 12:11 | INFO     | 0033 | 第27次重新抓tag:section-back-to-list-button
2020-05-14 12:11 | INFO     | 0033 | 第28次重新抓tag:section-back-to-list-button
2020-05-14 12:11 | INFO     | 0033 | 第29次重新抓tag:section-back-to-list-button
2020-05-14 12:11 | INFO     | 0033 | 第30次重新抓tag:section-back-to-list-button
2020-05-14 12:11 | INFO     | 0033 | 第31次重新抓tag:section-back-to-list-button
2020-05-14 12:11 | INFO     | 0033 | 第32次重新抓tag:section-back-to-list-button
2020-05-14 12:11 | INFO     | 0033 | 第33次重新抓tag:section-back-to-list-button
2020-05-14 12:11 | INFO     | 0033 | 第34次重新抓tag:section-back-to-list-button
2020-05-14 12:11 | INFO     | 0033 | 第35次重新抓tag:section-back-to-list-button
2020-05-14 12:11 | INFO     | 0033 | 第36次重新抓tag:section-back-to-list-button
2020-05-14 12:11 | INFO     | 0033 | 第37次重新抓tag:section-back-to-list-button
2020-05-14 12:11 | INFO     | 0033 | 第38次重新抓tag:section-back-to-list-button
2020-05-14 12:11 | INFO     | 0033 | 第39次重新抓tag:section-back-to-list-button
2020-05-14 12:11 | INFO     | 0033 | 第40次重新抓tag:section-back-to-list-button
2020-05-14 12:11 | INFO     | 0033 | 第41次重新抓tag:section-back-to-list-button
2020-05-14 12:11 | INFO     | 0033 | 第42次重新抓tag:section-back-to-list-button
2020-05-14 12:11 | INFO     | 0033 | 第43次重新抓tag:section-back-to-list-button
2020-05-14 12:11 | INFO     | 0033 | 第44次重新抓tag:section-back-to-list-button
2020-05-14 12:11 | INFO     | 0033 | 第45次重新抓tag:section-back-to-list-button
2020-05-14 12:11 | INFO     | 0033 | 第46次重新抓tag:section-back-to-list-button
2020-05-14 12:11 | INFO     | 0033 | 第47次重新抓tag:section-back-to-list-button
2020-05-14 12:11 | INFO     | 0033 | 第48次重新抓tag:section-back-to-list-button
2020-05-14 12:11 | INFO     | 0033 | 第49次重新抓tag:section-back-to-list-button
2020-05-14 12:11 | INFO     | 0033 | 第50次重新抓tag:section-back-to-list-button
2020-05-14 12:11 | INFO     | 0033 | 第51次重新抓tag:section-back-to-list-button
2020-05-14 12:11 | INFO     | 0033 | 第52次重新抓tag:section-back-to-list-button
2020-05-14 12:11 | INFO     | 0033 | 第53次重新抓tag:section-back-to-list-button
2020-05-14 12:11 | INFO     | 0033 | 第54次重新抓tag:section-back-to-list-button
2020-05-14 12:11 | INFO     | 0033 | 第55次重新抓tag:section-back-to-list-button
2020-05-14 12:11 | INFO     | 0033 | 第56次重新抓tag:section-back-to-list-button
2020-05-14 12:11 | INFO     | 0033 | 第57次重新抓tag:section-back-to-list-button
2020-05-14 12:11 | INFO     | 0033 | 第58次重新抓tag:section-back-to-list-button
2020-05-14 12:12 | INFO     | 0033 | 第59次重新抓tag:section-back-to-list-button
2020-05-14 12:12 | INFO     | 0033 | 第60次重新抓tag:section-back-to-list-button
2020-05-14 12:12 | INFO     | 0033 | 第61次重新抓tag:section-back-to-list-button
2020-05-14 12:12 | INFO     | 0033 | 第62次重新抓tag:section-back-to-list-button
2020-05-14 12:12 | INFO     | 0444 | 已點擊返回搜尋列表
2020-05-14 12:12 | INFO     | 0010 | 開始 find_tags:section-result
2020-05-14 12:12 | INFO     | 0033 | 第1次重新抓tag:section-result
2020-05-14 12:12 | INFO     | 0033 | 第2次重新抓tag:section-result
2020-05-14 12:12 | INFO     | 0033 | 第3次重新抓tag:section-result
2020-05-14 12:12 | INFO     | 0033 | 第4次重新抓tag:section-result
2020-05-14 12:12 | INFO     | 0033 | 第5次重新抓tag:section-result
2020-05-14 12:12 | INFO     | 0033 | 第6次重新抓tag:section-result
2020-05-14 12:12 | INFO     | 0033 | 第7次重新抓tag:section-result
2020-05-14 12:12 | INFO     | 0033 | 第8次重新抓tag:section-result
2020-05-14 12:12 | INFO     | 0033 | 第9次重新抓tag:section-result
2020-05-14 12:12 | INFO     | 0033 | 第10次重新抓tag:section-result
2020-05-14 12:12 | INFO     | 0033 | 第11次重新抓tag:section-result
2020-05-14 12:12 | INFO     | 0033 | 第12次重新抓tag:section-result
2020-05-14 12:12 | INFO     | 0033 | 第13次重新抓tag:section-result
2020-05-14 12:12 | INFO     | 0033 | 第14次重新抓tag:section-result
2020-05-14 12:12 | INFO     | 0033 | 第15次重新抓tag:section-result
2020-05-14 12:12 | INFO     | 0033 | 第16次重新抓tag:section-result
2020-05-14 12:12 | INFO     | 0033 | 第17次重新抓tag:section-result
2020-05-14 12:12 | INFO     | 0033 | 第18次重新抓tag:section-result
2020-05-14 12:12 | INFO     | 0033 | 第19次重新抓tag:section-result
2020-05-14 12:12 | INFO     | 0033 | 第20次重新抓tag:section-result
2020-05-14 12:12 | INFO     | 0033 | 第21次重新抓tag:section-result
2020-05-14 12:12 | INFO     | 0033 | 第22次重新抓tag:section-result
2020-05-14 12:12 | INFO     | 0033 | 第23次重新抓tag:section-result
2020-05-14 12:12 | INFO     | 0033 | 第24次重新抓tag:section-result
2020-05-14 12:12 | INFO     | 0033 | 第25次重新抓tag:section-result
2020-05-14 12:12 | INFO     | 0033 | 第26次重新抓tag:section-result
2020-05-14 12:12 | INFO     | 0033 | 第27次重新抓tag:section-result
2020-05-14 12:12 | INFO     | 0033 | 第28次重新抓tag:section-result
2020-05-14 12:12 | INFO     | 0033 | 第29次重新抓tag:section-result
2020-05-14 12:12 | INFO     | 0033 | 第30次重新抓tag:section-result
2020-05-14 12:12 | INFO     | 0033 | 第31次重新抓tag:section-result
2020-05-14 12:12 | INFO     | 0033 | 第32次重新抓tag:section-result
2020-05-14 12:12 | INFO     | 0033 | 第33次重新抓tag:section-result
2020-05-14 12:12 | INFO     | 0033 | 第34次重新抓tag:section-result
2020-05-14 12:12 | INFO     | 0033 | 第35次重新抓tag:section-result
2020-05-14 12:12 | INFO     | 0033 | 第36次重新抓tag:section-result
2020-05-14 12:12 | INFO     | 0033 | 第37次重新抓tag:section-result
2020-05-14 12:12 | INFO     | 0033 | 第38次重新抓tag:section-result
2020-05-14 12:12 | INFO     | 0033 | 第39次重新抓tag:section-result
2020-05-14 12:12 | INFO     | 0033 | 第40次重新抓tag:section-result
2020-05-14 12:12 | INFO     | 0033 | 第41次重新抓tag:section-result
2020-05-14 12:12 | INFO     | 0033 | 第42次重新抓tag:section-result
2020-05-14 12:12 | INFO     | 0033 | 第43次重新抓tag:section-result
2020-05-14 12:12 | INFO     | 0033 | 第44次重新抓tag:section-result
2020-05-14 12:13 | INFO     | 0033 | 第45次重新抓tag:section-result
2020-05-14 12:13 | INFO     | 0033 | 第46次重新抓tag:section-result
2020-05-14 12:13 | INFO     | 0033 | 第47次重新抓tag:section-result
2020-05-14 12:13 | INFO     | 0033 | 第48次重新抓tag:section-result
2020-05-14 12:13 | INFO     | 0033 | 第49次重新抓tag:section-result
2020-05-14 12:13 | INFO     | 0033 | 第50次重新抓tag:section-result
2020-05-14 12:13 | INFO     | 0033 | 第51次重新抓tag:section-result
2020-05-14 12:13 | INFO     | 0033 | 第52次重新抓tag:section-result
2020-05-14 12:13 | INFO     | 0033 | 第53次重新抓tag:section-result
2020-05-14 12:13 | INFO     | 0033 | 第54次重新抓tag:section-result
2020-05-14 12:13 | INFO     | 0033 | 第55次重新抓tag:section-result
2020-05-14 12:13 | INFO     | 0033 | 第56次重新抓tag:section-result
2020-05-14 12:13 | INFO     | 0033 | 第57次重新抓tag:section-result
2020-05-14 12:13 | INFO     | 0033 | 第58次重新抓tag:section-result
2020-05-14 12:13 | INFO     | 0033 | 第59次重新抓tag:section-result
2020-05-14 12:13 | INFO     | 0033 | 第60次重新抓tag:section-result
2020-05-14 12:13 | INFO     | 0033 | 第61次重新抓tag:section-result
2020-05-14 12:13 | INFO     | 0033 | 第62次重新抓tag:section-result
2020-05-14 12:13 | INFO     | 0033 | 第63次重新抓tag:section-result
2020-05-14 12:13 | INFO     | 0033 | 第64次重新抓tag:section-result
2020-05-14 12:13 | INFO     | 0033 | 第65次重新抓tag:section-result
2020-05-14 12:13 | INFO     | 0033 | 第66次重新抓tag:section-result
2020-05-14 12:13 | INFO     | 0033 | 第67次重新抓tag:section-result
2020-05-14 12:13 | INFO     | 0033 | 第68次重新抓tag:section-result
2020-05-14 12:13 | INFO     | 0033 | 第69次重新抓tag:section-result
2020-05-14 12:13 | INFO     | 0033 | 第70次重新抓tag:section-result
2020-05-14 12:13 | INFO     | 0033 | 第71次重新抓tag:section-result
2020-05-14 12:13 | INFO     | 0033 | 第72次重新抓tag:section-result
2020-05-14 12:13 | INFO     | 0033 | 第73次重新抓tag:section-result
2020-05-14 12:13 | INFO     | 0033 | 第74次重新抓tag:section-result
2020-05-14 12:13 | INFO     | 0033 | 第75次重新抓tag:section-result
2020-05-14 12:13 | INFO     | 0033 | 第76次重新抓tag:section-result
2020-05-14 12:13 | INFO     | 0033 | 第77次重新抓tag:section-result
2020-05-14 12:13 | INFO     | 0033 | 第78次重新抓tag:section-result
2020-05-14 12:13 | INFO     | 0033 | 第79次重新抓tag:section-result
2020-05-14 12:13 | INFO     | 0033 | 第80次重新抓tag:section-result
2020-05-14 12:13 | INFO     | 0033 | 第81次重新抓tag:section-result
2020-05-14 12:13 | INFO     | 0033 | 第82次重新抓tag:section-result
2020-05-14 12:13 | INFO     | 0033 | 第83次重新抓tag:section-result
2020-05-14 12:13 | INFO     | 0033 | 第84次重新抓tag:section-result
2020-05-14 12:13 | INFO     | 0033 | 第85次重新抓tag:section-result
2020-05-14 12:13 | INFO     | 0033 | 第86次重新抓tag:section-result
2020-05-14 12:13 | INFO     | 0033 | 第87次重新抓tag:section-result
2020-05-14 12:13 | INFO     | 0033 | 第88次重新抓tag:section-result
2020-05-14 12:13 | INFO     | 0033 | 第89次重新抓tag:section-result
2020-05-14 12:13 | INFO     | 0033 | 第90次重新抓tag:section-result
2020-05-14 12:13 | INFO     | 0033 | 第91次重新抓tag:section-result
2020-05-14 12:13 | INFO     | 0033 | 第92次重新抓tag:section-result
2020-05-14 12:13 | INFO     | 0033 | 第93次重新抓tag:section-result
2020-05-14 12:13 | INFO     | 0033 | 第94次重新抓tag:section-result
2020-05-14 12:13 | INFO     | 0033 | 第95次重新抓tag:section-result
2020-05-14 12:13 | INFO     | 0033 | 第96次重新抓tag:section-result
2020-05-14 12:13 | INFO     | 0033 | 第97次重新抓tag:section-result
2020-05-14 12:13 | INFO     | 0033 | 第98次重新抓tag:section-result
2020-05-14 12:13 | INFO     | 0033 | 第99次重新抓tag:section-result
2020-05-14 12:13 | INFO     | 0033 | 第100次重新抓tag:section-result
2020-05-14 12:13 | INFO     | 0022 | 已經重新找100次tag了，放棄
2020-05-14 12:13 | ERROR    | 0490 | except，開始儲存店家list
2020-05-14 12:13 | ERROR    | 0491 | list index out of range
2020-05-14 12:14 | INFO     | 0030 | ('========= 產生url座標:', '@25,121.51,15z', '===========')
2020-05-14 12:14 | INFO     | 0010 | 開始 find_tags:tactile-searchbox-input
2020-05-14 12:14 | INFO     | 0134 | 輸入搜尋關鍵字:熱炒，點擊搜尋
2020-05-14 12:14 | INFO     | 0010 | 開始 find_tags:section-result
2020-05-14 12:14 | INFO     | 0163 | 進入第1頁, 店家數:20
2020-05-14 12:14 | INFO     | 0010 | 開始 find_tags:section-result
2020-05-14 12:14 | INFO     | 0101 | 原始店名含有特殊符號：味味鮮熱炒/中和熱炒/中和平價熱炒/中和美食/中和家常菜/中和午餐，修正後店名味味鮮熱炒[斜槓]中和熱炒[斜槓]中和平價熱炒[斜槓]中和美食[斜槓]中和家常菜[斜槓]中和午餐
2020-05-14 12:14 | INFO     | 0197 | === 點擊第1個店家: 味味鮮熱炒[斜槓]中和熱炒[斜槓]中和平價熱炒[斜槓]中和美食[斜槓]中和家常菜[斜槓]中和午餐 ===
2020-05-14 12:14 | INFO     | 0010 | 開始 find_tags:section-info-action-button
2020-05-14 12:14 | INFO     | 0033 | 第1次重新抓tag:section-info-action-button
2020-05-14 12:14 | INFO     | 0033 | 第2次重新抓tag:section-info-action-button
2020-05-14 12:14 | INFO     | 0208 | 235新北市中和區秀朗路三段175巷11號 ，不是 台北市 跳過
2020-05-14 12:14 | INFO     | 0010 | 開始 find_tags:section-back-to-list-button
2020-05-14 12:14 | INFO     | 0444 | 已點擊返回搜尋列表
2020-05-14 12:14 | INFO     | 0010 | 開始 find_tags:section-result
